<?xml version="1.0" encoding="UTF-8"?>
<testng-results skipped="0" failed="0" ignored="2" total="4" passed="2">
  <reporter-output>
  </reporter-output>
  <suite name="Suite" duration-ms="50251" started-at="2019-03-14T18:27:07Z" finished-at="2019-03-14T18:27:57Z">
    <groups>
    </groups>
    <test name="testng" duration-ms="50251" started-at="2019-03-14T18:27:07Z" finished-at="2019-03-14T18:27:57Z">
      <class name="com.pro.MCLogin">
        <test-method status="PASS" signature="LaunchUrl()[pri:0, instance:com.pro.MCLogin@402f32ff]" name="LaunchUrl" duration-ms="49434" started-at="2019-03-14T23:57:07Z" finished-at="2019-03-14T23:57:56Z">
          <reporter-output>
          </reporter-output>
        </test-method> <!-- LaunchUrl -->
        <test-method status="PASS" signature="BeforeLoginFAQ()[pri:0, instance:com.pro.MCLogin@402f32ff]" name="BeforeLoginFAQ" duration-ms="709" started-at="2019-03-14T23:57:56Z" depends-on-methods="com.pro.MCLogin.LaunchUrl" finished-at="2019-03-14T23:57:57Z">
          <reporter-output>
          </reporter-output>
        </test-method> <!-- BeforeLoginFAQ -->
      </class> <!-- com.pro.MCLogin -->
    </test> <!-- testng -->
  </suite> <!-- Suite -->
</testng-results>
