<?xml version="1.0" encoding="UTF-8"?>
<!-- Generated by org.testng.reporters.JUnitXMLReporter -->
<testsuite hostname="PramodD" ignored="2" name="testng" tests="2" failures="0" timestamp="14 Mar 2019 18:27:57 GMT" time="50.251" errors="0">
  <testcase name="LaunchUrl" time="49.434" classname="com.pro.MCLogin"/>
  <testcase name="BeforeLoginFAQ" time="0.709" classname="com.pro.MCLogin"/>
  <testcase name="BeforeLoginPrivacyStatement" time="0.0" classname="com.pro.MCLogin">
    <ignored/>
  </testcase> <!-- BeforeLoginPrivacyStatement -->
  <testcase name="LoginSubmission" time="0.0" classname="com.pro.MCLogin">
    <ignored/>
  </testcase> <!-- LoginSubmission -->
</testsuite> <!-- testng -->
